{"level":"info","message":"0/5/2024 - 11:55:32 - ::1 - POST /user/login - {\"email\":\"admin@gmail.com\",\"password\":\"admin\"}"}
{"level":"info","message":"0/5/2024 - 13:18:23 - ::1 - POST /user/login - {\"email\":\"admin@gmail.com\",\"password\":\"admin\"}"}
{"level":"info","message":"0/5/2024 - 13:30:14 - ::1 - POST /user/login - {\"email\":\"admin@gmail.com\",\"password\":\"admin\"}"}
{"level":"info","message":"0/5/2024 - 13:30:32 - ::1 - POST /user/login - {\"email\":\"admin@gmail.com\",\"password\":\"admin\"}"}
{"level":"info","message":"0/5/2024 - 13:34:57 - ::1 - POST /user/login - {\"email\":\"admin@gmail.com\",\"password\":\"admin\"}"}
{"level":"info","message":"0/5/2024 - 14:25:06 - ::1 - POST /user/login - {\"email\":\"admin@gmail.com\",\"password\":\"admin\"}"}
{"clientVersion":"5.12.1","level":"error","message":"BANNER_SERVICE: getBannersActive \nInvalid `prisma.banner.findMany()` invocation:\n\n\nCan't reach database server at `beta-ocelot-6815.6xw.aws-ap-southeast-1.cockroachlabs.cloud`:`26257`\n\nPlease make sure your database server is running at `beta-ocelot-6815.6xw.aws-ap-southeast-1.cockroachlabs.cloud`:`26257`.","name":"PrismaClientInitializationError","stack":"PrismaClientInitializationError: \nInvalid `prisma.banner.findMany()` invocation:\n\n\nCan't reach database server at `beta-ocelot-6815.6xw.aws-ap-southeast-1.cockroachlabs.cloud`:`26257`\n\nPlease make sure your database server is running at `beta-ocelot-6815.6xw.aws-ap-southeast-1.cockroachlabs.cloud`:`26257`.\n    at In.handleRequestError (/home/cuong/Documents/trovn/server/node_modules/@prisma/client/runtime/library.js:122:7154)\n    at In.handleAndLogRequestError (/home/cuong/Documents/trovn/server/node_modules/@prisma/client/runtime/library.js:122:6188)\n    at In.request (/home/cuong/Documents/trovn/server/node_modules/@prisma/client/runtime/library.js:122:5896)\n    at async l (/home/cuong/Documents/trovn/server/node_modules/@prisma/client/runtime/library.js:127:11167)\n    at async Object.getBannersActive (file:///home/cuong/Documents/trovn/server/models/banner.model.js:32:28)\n    at async Object.getBannersActive (file:///home/cuong/Documents/trovn/server/services/banner.service.js:66:14)\n    at async getBannersActive (file:///home/cuong/Documents/trovn/server/controllers/banner.controller.js:21:23)"}
{"level":"info","message":"2/5/2024 - 21:34:34 - ::1 - POST /user/login - {\"email\":\"admin@gmail.com\",\"password\":\"admin\"}"}
{"level":"info","message":"2/5/2024 - 21:46:54 - ::1 - POST /user/login - {\"email\":\"admin@gmail.com\",\"password\":\"admin\"}"}
{"clientVersion":"5.12.1","code":"P1001","level":"error","message":"BANNER_SERVICE: getBannersActive \nInvalid `prisma.banner.findMany()` invocation:\n\n\nCan't reach database server at `beta-ocelot-6815.6xw.aws-ap-southeast-1.cockroachlabs.cloud`:`26257`\n\nPlease make sure your database server is running at `beta-ocelot-6815.6xw.aws-ap-southeast-1.cockroachlabs.cloud`:`26257`.","meta":{"database_host":"beta-ocelot-6815.6xw.aws-ap-southeast-1.cockroachlabs.cloud","database_port":26257,"modelName":"Banner"},"name":"PrismaClientKnownRequestError","stack":"PrismaClientKnownRequestError: \nInvalid `prisma.banner.findMany()` invocation:\n\n\nCan't reach database server at `beta-ocelot-6815.6xw.aws-ap-southeast-1.cockroachlabs.cloud`:`26257`\n\nPlease make sure your database server is running at `beta-ocelot-6815.6xw.aws-ap-southeast-1.cockroachlabs.cloud`:`26257`.\n    at In.handleRequestError (/home/cuong/Documents/trovn/server/node_modules/@prisma/client/runtime/library.js:122:6854)\n    at In.handleAndLogRequestError (/home/cuong/Documents/trovn/server/node_modules/@prisma/client/runtime/library.js:122:6188)\n    at In.request (/home/cuong/Documents/trovn/server/node_modules/@prisma/client/runtime/library.js:122:5896)\n    at async l (/home/cuong/Documents/trovn/server/node_modules/@prisma/client/runtime/library.js:127:11167)\n    at async Object.getBannersActive (file:///home/cuong/Documents/trovn/server/models/banner.model.js:32:28)\n    at async Object.getBannersActive (file:///home/cuong/Documents/trovn/server/services/banner.service.js:66:14)\n    at async getBannersActive (file:///home/cuong/Documents/trovn/server/controllers/banner.controller.js:21:23)"}
{"level":"info","message":"3/5/2024 - 23:08:16 - ::1 - POST /user/login - {\"email\":\"admin@gmail.com\",\"password\":\"admin\"}"}
{"level":"info","message":"4/5/2024 - 12:35:31 - ::1 - POST /user/login - {\"email\":\"admin@gmail.com\",\"password\":\"admin\"}"}
{"clientVersion":"5.12.1","level":"error","message":"BANNER_SERVICE: getBannersActive \nInvalid `prisma.banner.findMany()` invocation:\n\n\nCan't reach database server at `beta-ocelot-6815.6xw.aws-ap-southeast-1.cockroachlabs.cloud`:`26257`\n\nPlease make sure your database server is running at `beta-ocelot-6815.6xw.aws-ap-southeast-1.cockroachlabs.cloud`:`26257`.","name":"PrismaClientInitializationError","stack":"PrismaClientInitializationError: \nInvalid `prisma.banner.findMany()` invocation:\n\n\nCan't reach database server at `beta-ocelot-6815.6xw.aws-ap-southeast-1.cockroachlabs.cloud`:`26257`\n\nPlease make sure your database server is running at `beta-ocelot-6815.6xw.aws-ap-southeast-1.cockroachlabs.cloud`:`26257`.\n    at In.handleRequestError (/home/cuong/Documents/trovn/server/node_modules/@prisma/client/runtime/library.js:122:7154)\n    at In.handleAndLogRequestError (/home/cuong/Documents/trovn/server/node_modules/@prisma/client/runtime/library.js:122:6188)\n    at In.request (/home/cuong/Documents/trovn/server/node_modules/@prisma/client/runtime/library.js:122:5896)\n    at async l (/home/cuong/Documents/trovn/server/node_modules/@prisma/client/runtime/library.js:127:11167)\n    at async Object.getBannersActive (file:///home/cuong/Documents/trovn/server/models/banner.model.js:32:28)\n    at async Object.getBannersActive (file:///home/cuong/Documents/trovn/server/services/banner.service.js:66:14)\n    at async getBannersActive (file:///home/cuong/Documents/trovn/server/controllers/banner.controller.js:21:23)"}
{"level":"info","message":"0/5/2024 - 20:10:51 - ::1 - POST /user/login - {\"email\":\"admin@gmail.com\",\"password\":\"admin\"}"}
{"level":"info","message":"3/5/2024 - 23:41:57 - ::1 - POST /user/login - {\"email\":\"admin@gmail.com\",\"password\":\"admin\"}"}
{"level":"info","message":"4/5/2024 - 09:31:35 - ::1 - POST /user/login - {\"email\":\"botcuong06\",\"password\":\"botcuong06\"}"}
{"level":"info","message":"4/5/2024 - 09:31:44 - ::1 - POST /user/login - {\"email\":\"botcuong06@gmail.com\",\"password\":\"botcuong06\"}"}
{"level":"info","message":"4/5/2024 - 09:31:46 - ::1 - POST /user/login - {\"email\":\"botcuong06@gmail.com\",\"password\":\"botcuong06\"}"}
{"level":"info","message":"4/5/2024 - 09:31:50 - ::1 - POST /user/login - {\"email\":\"botcuong06@gmail.com\",\"password\":\"botcuong06\"}"}
{"level":"info","message":"4/5/2024 - 09:32:34 - ::1 - POST /user/login - {\"email\":\"botcuong06\",\"password\":\"botcuong06\"}"}
{"level":"info","message":"4/5/2024 - 09:32:49 - ::1 - POST /user/login - {\"email\":\"botcuong06@gmail.com\",\"password\":\"botcuong06\"}"}
{"level":"info","message":"4/5/2024 - 09:33:28 - ::1 - POST /user/login - {\"email\":\"botcuong06\",\"password\":\"123456\"}"}
{"level":"info","message":"4/5/2024 - 09:33:39 - ::1 - POST /user/login - {\"email\":\"botcuong06@gmail.com\",\"password\":\"123456\"}"}
{"level":"info","message":"4/5/2024 - 09:34:27 - ::1 - POST /user/login - {\"email\":\"botcuong06@gmail.com\",\"password\":\"123456\"}"}
{"level":"info","message":"4/5/2024 - 09:46:17 - ::1 - POST /user/login - {\"email\":\"botcuong06@gmail.com\",\"password\":\"12345678\"}"}
{"level":"info","message":"4/5/2024 - 09:48:04 - ::1 - POST /user/login - {\"email\":\"botcuong06@gmail.com\",\"password\":\"12345678\"}"}
{"level":"info","message":"4/5/2024 - 09:52:43 - ::1 - POST /user/login - {\"email\":\"admin@gmail.com\",\"password\":\"admin\"}"}
{"level":"info","message":"4/5/2024 - 12:40:52 - ::1 - POST /user/login - {\"email\":\"admin@gmail.com\",\"password\":\"admin\"}"}
{"level":"info","message":"4/5/2024 - 13:28:31 - ::1 - POST /user/login - {\"email\":\"admin@gmail.com\",\"password\":\"admin\"}"}
{"level":"info","message":"4/5/2024 - 17:42:13 - ::1 - POST /user/login - {\"email\":\"admin@gmail.com\",\"password\":\"admin\"}"}
{"clientVersion":"5.12.1","level":"error","message":"BANNER_SERVICE: getBannersActive \nInvalid `prisma.banner.findMany()` invocation:\n\n\nCan't reach database server at `beta-ocelot-6815.6xw.aws-ap-southeast-1.cockroachlabs.cloud`:`26257`\n\nPlease make sure your database server is running at `beta-ocelot-6815.6xw.aws-ap-southeast-1.cockroachlabs.cloud`:`26257`.","name":"PrismaClientInitializationError","stack":"PrismaClientInitializationError: \nInvalid `prisma.banner.findMany()` invocation:\n\n\nCan't reach database server at `beta-ocelot-6815.6xw.aws-ap-southeast-1.cockroachlabs.cloud`:`26257`\n\nPlease make sure your database server is running at `beta-ocelot-6815.6xw.aws-ap-southeast-1.cockroachlabs.cloud`:`26257`.\n    at In.handleRequestError (/home/cuong/Documents/trovn/server/node_modules/@prisma/client/runtime/library.js:122:7154)\n    at In.handleAndLogRequestError (/home/cuong/Documents/trovn/server/node_modules/@prisma/client/runtime/library.js:122:6188)\n    at In.request (/home/cuong/Documents/trovn/server/node_modules/@prisma/client/runtime/library.js:122:5896)\n    at async l (/home/cuong/Documents/trovn/server/node_modules/@prisma/client/runtime/library.js:127:11167)\n    at async Object.getBannersActive (file:///home/cuong/Documents/trovn/server/models/banner.model.js:32:28)\n    at async Object.getBannersActive (file:///home/cuong/Documents/trovn/server/services/banner.service.js:66:14)\n    at async getBannersActive (file:///home/cuong/Documents/trovn/server/controllers/banner.controller.js:21:23)"}
{"clientVersion":"5.12.1","level":"error","message":"BANNER_SERVICE: getBannersActive \nInvalid `prisma.banner.findMany()` invocation:\n\n\nCan't reach database server at `beta-ocelot-6815.6xw.aws-ap-southeast-1.cockroachlabs.cloud`:`26257`\n\nPlease make sure your database server is running at `beta-ocelot-6815.6xw.aws-ap-southeast-1.cockroachlabs.cloud`:`26257`.","name":"PrismaClientInitializationError","stack":"PrismaClientInitializationError: \nInvalid `prisma.banner.findMany()` invocation:\n\n\nCan't reach database server at `beta-ocelot-6815.6xw.aws-ap-southeast-1.cockroachlabs.cloud`:`26257`\n\nPlease make sure your database server is running at `beta-ocelot-6815.6xw.aws-ap-southeast-1.cockroachlabs.cloud`:`26257`.\n    at In.handleRequestError (/home/cuong/Documents/trovn/server/node_modules/@prisma/client/runtime/library.js:122:7154)\n    at In.handleAndLogRequestError (/home/cuong/Documents/trovn/server/node_modules/@prisma/client/runtime/library.js:122:6188)\n    at In.request (/home/cuong/Documents/trovn/server/node_modules/@prisma/client/runtime/library.js:122:5896)\n    at async l (/home/cuong/Documents/trovn/server/node_modules/@prisma/client/runtime/library.js:127:11167)\n    at async Object.getBannersActive (file:///home/cuong/Documents/trovn/server/models/banner.model.js:32:28)\n    at async Object.getBannersActive (file:///home/cuong/Documents/trovn/server/services/banner.service.js:66:14)\n    at async getBannersActive (file:///home/cuong/Documents/trovn/server/controllers/banner.controller.js:21:23)"}
{"level":"info","message":"6/5/2024 - 10:32:28 - ::1 - POST /user/login - {\"email\":\"admin@gmail.com\",\"password\":\"admin\"}"}
{"level":"info","message":"6/5/2024 - 10:32:38 - ::1 - POST /user/login - {\"email\":\"admin\",\"password\":\"admin\"}"}
{"level":"info","message":"6/5/2024 - 10:33:42 - ::1 - POST /user/login - {\"email\":\"admin\",\"password\":\"admin\"}"}
{"level":"info","message":"6/5/2024 - 10:34:14 - ::1 - POST /user/login - {\"email\":\"0327427732\",\"password\":\"admin\"}"}
{"level":"info","message":"6/5/2024 - 10:34:15 - ::1 - POST /user/login - {\"email\":\"0327427732\",\"password\":\"admin\"}"}
{"level":"info","message":"6/5/2024 - 10:34:21 - ::1 - POST /user/login - {\"email\":\"0327427732\",\"password\":\"12345678\"}"}
{"level":"info","message":"6/5/2024 - 10:34:28 - ::1 - POST /user/login - {\"email\":\"admin\",\"password\":\"admin\"}"}
{"level":"info","message":"6/5/2024 - 23:59:05 - ::1 - POST /user/login - {\"email\":\"admin\",\"password\":\"admin\"}"}
{"level":"info","message":"0/5/2024 - 00:06:36 - ::1 - POST /user/login - {\"email\":\"admin\",\"password\":\"admin\"}"}
{"level":"info","message":"0/5/2024 - 00:08:44 - ::1 - POST /user/login - {\"email\":\"user\",\"password\":\"user\"}"}
{"level":"info","message":"0/5/2024 - 00:08:46 - ::1 - POST /user/login - {\"email\":\"user\",\"password\":\"user\"}"}
{"level":"info","message":"0/5/2024 - 00:08:51 - ::1 - POST /user/login - {\"email\":\"user\",\"password\":\"user\"}"}
{"level":"info","message":"0/5/2024 - 00:11:18 - ::1 - POST /user/login - {\"email\":\"admin\",\"password\":\"admin\"}"}
{"level":"info","message":"0/5/2024 - 00:12:34 - ::1 - POST /user/login - {\"email\":\"front.cuong@gmail.com\",\"password\":\"123456789\"}"}
{"level":"info","message":"0/5/2024 - 00:20:56 - ::1 - POST /user/login - {\"email\":\"botcuong06\",\"password\":\"12345678\"}"}
{"level":"info","message":"0/5/2024 - 00:31:20 - ::1 - POST /user/login - {\"email\":\"xov17510@ilebi.com\",\"password\":\"12345678\"}"}
{"level":"info","message":"0/5/2024 - 00:38:16 - ::1 - POST /user/login - {\"email\":\"admin\",\"password\":\"admin\"}"}
{"level":"info","message":"0/5/2024 - 00:41:38 - ::1 - POST /user/login - {\"email\":\"admin\",\"password\":\"admin\"}"}
{"level":"info","message":"0/5/2024 - 01:00:31 - ::1 - POST /user/login - {\"email\":\"admin\",\"password\":\"admin\"}"}
{"level":"info","message":"0/5/2024 - 09:22:27 - ::1 - POST /user/login - {\"email\":\"admin\",\"password\":\"admin\"}"}
{"level":"info","message":"0/5/2024 - 09:29:36 - ::1 - POST /user/login - {\"email\":\"admin\",\"password\":\"admin\"}"}
{"level":"info","message":"0/5/2024 - 09:43:54 - ::1 - POST /user/login - {\"email\":\"admin\",\"password\":\"admin\"}"}
{"level":"info","message":"0/5/2024 - 09:44:11 - ::1 - POST /user/login - {\"email\":\"admin\",\"password\":\"admin\"}"}
{"level":"info","message":"0/5/2024 - 09:44:17 - ::1 - POST /user/login - {\"email\":\"front.cuong@gmail.com\",\"password\":\"123456789\"}"}
{"level":"info","message":"0/5/2024 - 09:44:28 - ::1 - POST /user/login - {\"email\":\"admin\",\"password\":\"admin\"}"}
{"level":"info","message":"0/5/2024 - 09:44:47 - ::1 - POST /user/login - {\"email\":\"admin\",\"password\":\"admin\"}"}
{"level":"info","message":"0/5/2024 - 09:47:35 - ::1 - POST /user/login - {\"email\":\"front.cuong@gmail.com\",\"password\":\"123456789\"}"}
{"level":"info","message":"1/5/2024 - 22:23:36 - ::1 - POST /user/login - {\"email\":\"front.cuong@gmail.com\",\"password\":\"123456789\"}"}
{"level":"info","message":"1/5/2024 - 23:51:39 - ::1 - POST /user/login - {\"email\":\"front.cuong@gmail.com\",\"password\":\"123456789\"}"}
{"level":"info","message":"2/5/2024 - 21:12:33 - ::1 - POST /user/login - {\"email\":\"admin\",\"password\":\"admin\"}"}
{"level":"info","message":"2/5/2024 - 21:12:42 - ::1 - POST /user/login - {\"email\":\"admin\",\"password\":\"admin\"}"}
{"level":"info","message":"3/5/2024 - 16:46:42 - ::1 - POST /user/login - {\"email\":\"admin\",\"password\":\"admin\"}"}
{"level":"info","message":"3/5/2024 - 21:30:03 - ::1 - POST /user/login - {\"email\":\"admin\",\"password\":\"admin\"}"}
{"level":"info","message":"3/5/2024 - 22:09:07 - ::1 - POST /user/login - {\"email\":\"admin\",\"password\":\"admin\"}"}
{"level":"info","message":"3/5/2024 - 22:12:06 - ::1 - POST /user/login - {\"email\":\"admin\",\"password\":\"admin\"}"}
{"level":"info","message":"3/5/2024 - 22:16:07 - ::1 - POST /user/login - {\"email\":\"admin\",\"password\":\"admin\"}"}
{"level":"info","message":"3/5/2024 - 22:56:54 - ::1 - POST /user/login - {\"email\":\"admin\",\"password\":\"admin\"}"}
{"level":"info","message":"3/5/2024 - 22:57:47 - ::1 - POST /user/login - {\"email\":\"user01\",\"password\":\"12345678\"}"}
{"clientVersion":"5.12.1","code":"P1001","level":"error","message":"BANNER_SERVICE: getBannersActive \nInvalid `prisma.banner.findMany()` invocation:\n\n\nCan't reach database server at `beta-ocelot-6815.6xw.aws-ap-southeast-1.cockroachlabs.cloud`:`26257`\n\nPlease make sure your database server is running at `beta-ocelot-6815.6xw.aws-ap-southeast-1.cockroachlabs.cloud`:`26257`.","meta":{"database_host":"beta-ocelot-6815.6xw.aws-ap-southeast-1.cockroachlabs.cloud","database_port":26257,"modelName":"Banner"},"name":"PrismaClientKnownRequestError","stack":"PrismaClientKnownRequestError: \nInvalid `prisma.banner.findMany()` invocation:\n\n\nCan't reach database server at `beta-ocelot-6815.6xw.aws-ap-southeast-1.cockroachlabs.cloud`:`26257`\n\nPlease make sure your database server is running at `beta-ocelot-6815.6xw.aws-ap-southeast-1.cockroachlabs.cloud`:`26257`.\n    at In.handleRequestError (/home/cuong/Documents/trovn/server/node_modules/@prisma/client/runtime/library.js:122:6854)\n    at In.handleAndLogRequestError (/home/cuong/Documents/trovn/server/node_modules/@prisma/client/runtime/library.js:122:6188)\n    at In.request (/home/cuong/Documents/trovn/server/node_modules/@prisma/client/runtime/library.js:122:5896)\n    at async l (/home/cuong/Documents/trovn/server/node_modules/@prisma/client/runtime/library.js:127:11167)\n    at async Object.getBannersActive (file:///home/cuong/Documents/trovn/server/models/banner.model.js:32:28)\n    at async Object.getBannersActive (file:///home/cuong/Documents/trovn/server/services/banner.service.js:66:14)\n    at async getBannersActive (file:///home/cuong/Documents/trovn/server/controllers/banner.controller.js:21:23)"}
{"level":"info","message":"4/5/2024 - 12:16:24 - ::1 - POST /user/login - {\"email\":\"admin\",\"password\":\"admin\"}"}
{"level":"info","message":"4/5/2024 - 12:25:27 - ::1 - POST /user/login - {\"email\":\"admin\",\"password\":\"admin\"}"}
{"level":"info","message":"4/5/2024 - 12:25:37 - ::1 - POST /user/login - {\"email\":\"user01\",\"password\":\"12345678\"}"}
{"level":"info","message":"4/5/2024 - 12:44:28 - ::1 - POST /user/login - {\"email\":\"admin\",\"password\":\"admin\"}"}
{"level":"info","message":"4/5/2024 - 12:49:02 - ::1 - POST /user/login - {\"email\":\"admin\",\"password\":\"admin\"}"}
{"level":"info","message":"4/5/2024 - 12:49:07 - ::1 - POST /user/login - {\"email\":\"admin\",\"password\":\"admin\"}"}
{"level":"info","message":"4/5/2024 - 12:49:24 - ::1 - POST /user/login - {\"email\":\"user01\",\"password\":\"12345678\"}"}
{"level":"info","message":"4/5/2024 - 13:34:56 - ::1 - POST /user/login - {\"email\":\"user02\",\"password\":\"12345678\"}"}
{"level":"info","message":"4/5/2024 - 13:49:33 - ::1 - POST /user/login - {\"email\":\"admin\",\"password\":\"admin\"}"}
{"level":"info","message":"4/5/2024 - 13:56:34 - ::1 - POST /user/login - {\"email\":\"user01\",\"password\":\"12345678\"}"}
{"level":"info","message":"4/5/2024 - 14:08:17 - ::1 - POST /user/login - {\"email\":\"admin\",\"password\":\"admin\"}"}
{"level":"info","message":"4/5/2024 - 14:09:53 - ::1 - POST /user/login - {\"email\":\"user03\",\"password\":\"12345678\"}"}
{"level":"info","message":"4/5/2024 - 14:21:50 - ::1 - POST /user/login - {\"email\":\"user03\",\"password\":\"12345678\"}"}
{"level":"info","message":"0/5/2024 - 00:50:30 - ::1 - POST /user/login - {\"email\":\"user03\",\"password\":\"12345678\"}"}
{"level":"info","message":"0/5/2024 - 00:50:43 - ::1 - POST /user/login - {\"email\":\"admin\",\"password\":\"admin\"}"}
{"level":"info","message":"0/6/2024 - 02:48:16 - ::1 - POST /user/login - {\"email\":\"admin\",\"password\":\"admin\"}"}
